2025-09-22 13:33:00 | WARN | repo=python | action=commit
2025-07-15 21:50:00 | WARN | repo=python | action=test | passed=true
2025-10-13 21:42:00 | WARN | repo=python | action=test | passed=true
2025-05-27 13:34:00 | INFO | repo=python | action=commit
2025-02-25 10:24:00 | INFO | repo=python | action=test | passed=true
2025-09-20 07:59:00 | INFO | repo=python | action=commit
2025-02-21 19:04:00 | WARN | repo=python | action=commit
2025-10-19 11:54:00 | WARN | repo=python | action=commit
2025-05-14 13:22:00 | INFO | repo=python | action=edit | files=2
2025-04-17 20:19:00 | WARN | repo=python | action=commit
2025-11-24 16:35:00 | INFO | repo=python | action=commit
2025-02-10 15:13:00 | DEBUG | repo=python | action=commit
2025-08-18 07:54:00 | DEBUG | repo=python | action=commit
2025-03-09 21:13:00 | INFO | repo=python | action=commit
2025-07-12 13:02:00 | INFO | repo=python | action=commit
2025-01-18 18:30:00 | DEBUG | repo=python | action=test | passed=true
2025-04-10 08:55:00 | INFO | repo=python | action=commit
2025-02-25 11:58:00 | WARN | repo=python | action=commit
2025-10-17 11:15:00 | DEBUG | repo=python | action=commit
2025-12-27 10:26:00 | DEBUG | repo=python | action=pull
2025-01-22 18:28:00 | DEBUG | repo=python | action=edit | files=4
2025-07-20 08:23:00 | WARN | repo=python | action=commit
2025-05-16 08:58:00 | WARN | repo=python | action=commit
2025-02-08 19:18:00 | WARN | repo=python | action=commit
2025-06-24 21:21:00 | DEBUG | repo=python | action=commit
2025-05-26 07:57:00 | DEBUG | repo=python | action=commit
2025-11-27 17:00:00 | INFO | repo=python | action=commit
2025-08-15 14:26:00 | INFO | repo=python | action=pull
2025-12-15 17:20:00 | INFO | repo=python | action=commit
2025-10-12 20:49:00 | WARN | repo=python | action=commit
2025-04-09 16:31:00 | INFO | repo=python | action=commit
2025-07-08 09:46:00 | WARN | repo=python | action=pull
2025-08-27 12:47:00 | INFO | repo=python | action=edit | files=4
2025-01-13 19:31:00 | INFO | repo=python | action=commit
2025-03-20 10:01:00 | DEBUG | repo=python | action=edit | files=2
2025-06-06 16:47:00 | WARN | repo=python | action=commit
2025-06-14 11:01:00 | WARN | repo=python | action=commit
2025-04-17 07:37:00 | INFO | repo=python | action=commit
2025-01-26 12:04:00 | DEBUG | repo=python | action=test | passed=true
2025-06-05 16:38:00 | WARN | repo=python | action=pull
2025-10-19 21:30:00 | DEBUG | repo=python | action=edit | files=3
2025-03-18 07:10:00 | DEBUG | repo=python | action=commit
2025-01-02 08:54:00 | WARN | repo=python | action=commit
2025-08-12 15:16:00 | DEBUG | repo=python | action=commit
2025-12-26 17:04:00 | DEBUG | repo=python | action=pull
2025-12-05 21:59:00 | DEBUG | repo=python | action=commit
2025-01-03 19:43:00 | DEBUG | repo=python | action=commit
2025-11-03 10:05:00 | WARN | repo=python | action=commit
2025-12-05 20:14:00 | DEBUG | repo=python | action=commit
2025-04-24 07:54:00 | WARN | repo=python | action=commit
2025-05-02 12:54:00 | DEBUG | repo=python | action=commit
2025-05-14 21:29:00 | INFO | repo=python | action=edit | files=5
2025-05-06 14:24:00 | WARN | repo=python | action=commit
2025-05-14 20:34:00 | WARN | repo=python | action=commit
2025-09-27 15:21:00 | WARN | repo=python | action=edit | files=5
2025-08-19 21:00:00 | WARN | repo=python | action=commit
2025-01-26 11:20:00 | DEBUG | repo=python | action=pull
2025-02-16 11:45:00 | WARN | repo=python | action=commit
2025-07-01 10:24:00 | DEBUG | repo=python | action=commit
